[01m[K/home/quinton/Desktop/rm2023_ws/src/rm2023_dbus/src/dbus.cpp:[m[K In member function ‘[01m[Kvoid DBus::read()[m[K’:
[01m[K/home/quinton/Desktop/rm2023_ws/src/rm2023_dbus/src/dbus.cpp:117:7:[m[K [01;31m[Kerror: [m[K‘[01m[Kcout[m[K’ was not declared in this scope; did you mean ‘[01m[Kstd::cout[m[K’?
  117 |       [01;31m[Kcout[m[K <<buff_<<endl;
      |       [01;31m[K^~~~[m[K
      |       [32m[Kstd::cout[m[K
In file included from [01m[K/opt/ros/noetic/include/ros/time.h:54[m[K,
                 from [01m[K/opt/ros/noetic/include/ros/serialization.h:34[m[K,
                 from [01m[K/opt/ros/noetic/include/rm_msgs/DbusData.h:14[m[K,
                 from [01m[K/opt/ros/noetic/include/rm_dbus/dbus.h:42[m[K,
                 from [01m[K/home/quinton/Desktop/rm2023_ws/src/rm2023_dbus/src/dbus.cpp:38[m[K:
[01m[K/usr/include/c++/9/iostream:61:18:[m[K [01;36m[Knote: [m[K‘[01m[Kstd::cout[m[K’ declared here
   61 |   extern ostream [01;36m[Kcout[m[K;  /// Linked to standard output
      |                  [01;36m[K^~~~[m[K
[01m[K/home/quinton/Desktop/rm2023_ws/src/rm2023_dbus/src/dbus.cpp:117:21:[m[K [01;31m[Kerror: [m[K‘[01m[Kendl[m[K’ was not declared in this scope; did you mean ‘[01m[Kstd::endl[m[K’?
  117 |       cout <<buff_<<[01;31m[Kendl[m[K;
      |                     [01;31m[K^~~~[m[K
      |                     [32m[Kstd::endl[m[K
In file included from [01m[K/usr/include/c++/9/iostream:39[m[K,
                 from [01m[K/opt/ros/noetic/include/ros/time.h:54[m[K,
                 from [01m[K/opt/ros/noetic/include/ros/serialization.h:34[m[K,
                 from [01m[K/opt/ros/noetic/include/rm_msgs/DbusData.h:14[m[K,
                 from [01m[K/opt/ros/noetic/include/rm_dbus/dbus.h:42[m[K,
                 from [01m[K/home/quinton/Desktop/rm2023_ws/src/rm2023_dbus/src/dbus.cpp:38[m[K:
[01m[K/usr/include/c++/9/ostream:599:5:[m[K [01;36m[Knote: [m[K‘[01m[Kstd::endl[m[K’ declared here
  599 |     [01;36m[Kendl[m[K(basic_ostream<_CharT, _Traits>& __os)
      |     [01;36m[K^~~~[m[K
make[2]: *** [CMakeFiles/rm2023_dbus.dir/build.make:76：CMakeFiles/rm2023_dbus.dir/src/dbus.cpp.o] 错误 1
make[2]: *** 正在等待未完成的任务....
make[1]: *** [CMakeFiles/Makefile2:413：CMakeFiles/rm2023_dbus.dir/all] 错误 2
make: *** [Makefile:141：all] 错误 2
